2025-11-11 23:38:41 | INFO     | Controller Status Predict v1.0 Starting up...
2025-11-11 23:38:41 | INFO     | website: http://0.0.0.0:8000/docs
2025-11-11 23:39:15 | INFO     | Controller Status Predict v1.0 Shutting down...
2025-11-11 23:39:16 | INFO     | Controller Status Predict v1.0 Starting up...
2025-11-11 23:39:16 | INFO     | website: http://127.0.0.1:8000/docs
2025-11-11 23:40:01 | INFO     | Controller Status Predict v1.0 Shutting down...
2025-11-13 15:33:30 | INFO     | Controller Status Predict v1.0 Starting up...
2025-11-13 15:33:30 | INFO     | website: http://127.0.0.1:8000/docs
2025-11-13 15:33:49 | INFO     | Controller Status Predict v1.0 Shutting down...
2025-11-13 16:51:46 | INFO     | Controller Status Predict v1.0 Starting up...
2025-11-13 16:51:47 | INFO     | website: http://127.0.0.1:8000/docs
2025-11-13 18:02:44 | INFO     | Controller Status Predict v1.0 Shutting down...
2025-11-13 18:02:44 | INFO     | Controller Status Predict v1.0 Starting up...
2025-11-13 18:02:44 | INFO     | website: http://127.0.0.1:8000/docs
2025-11-13 18:05:04 | INFO     | Controller Status Predict v1.0 Starting up...
2025-11-13 18:05:04 | INFO     | website: http://127.0.0.1:8000/docs
2025-11-13 18:05:46 | INFO     | Controller Status Predict v1.0 Shutting down...
2025-11-13 18:05:47 | INFO     | Controller Status Predict v1.0 Starting up...
2025-11-13 18:05:47 | INFO     | website: http://127.0.0.1:8000/docs
2025-11-13 18:07:06 | INFO     | Controller Status Predict v1.0 Starting up...
2025-11-13 18:07:06 | INFO     | website: http://127.0.0.1:8000/docs
2025-11-13 18:08:55 | INFO     | Controller Status Predict v1.0 Shutting down...
2025-11-13 18:08:57 | INFO     | Controller Status Predict v1.0 Starting up...
2025-11-13 18:08:57 | INFO     | website: http://127.0.0.1:8000/docs
2025-11-13 18:11:35 | INFO     | Controller Status Predict v1.0 Shutting down...
2025-11-13 18:11:36 | INFO     | Controller Status Predict v1.0 Starting up...
2025-11-13 18:11:36 | INFO     | website: http://127.0.0.1:8000/docs
2025-11-13 18:13:00 | INFO     | Controller Status Predict v1.0 Starting up...
2025-11-13 18:13:00 | INFO     | website: http://127.0.0.1:8000/docs
2025-11-13 18:13:50 | INFO     | Controller Status Predict v1.0 Shutting down...
2025-11-13 18:13:51 | INFO     | Controller Status Predict v1.0 Starting up...
2025-11-13 18:13:51 | INFO     | website: http://127.0.0.1:8000/docs
2025-11-13 18:14:38 | INFO     | Controller Status Predict v1.0 Starting up...
2025-11-13 18:14:38 | INFO     | website: http://127.0.0.1:8000/docs
2025-11-13 18:14:41 | INFO     | Test post: user_001
2025-11-13 18:14:58 | INFO     | Controller Status Predict v1.0 Shutting down...
2025-11-13 18:14:59 | INFO     | Controller Status Predict v1.0 Starting up...
2025-11-13 18:14:59 | INFO     | website: http://127.0.0.1:8000/docs
2025-11-13 18:15:03 | INFO     | Test post: user_001
2025-11-13 18:15:30 | INFO     | Controller Status Predict v1.0 Shutting down...
2025-11-13 18:15:31 | INFO     | Controller Status Predict v1.0 Starting up...
2025-11-13 18:15:31 | INFO     | website: http://127.0.0.1:8000/docs
2025-11-13 18:15:34 | INFO     | Test post: user_001
2025-11-13 18:16:00 | INFO     | Controller Status Predict v1.0 Shutting down...
2025-11-13 18:16:01 | INFO     | Controller Status Predict v1.0 Starting up...
2025-11-13 18:16:01 | INFO     | website: http://127.0.0.1:8000/docs
2025-11-13 18:16:22 | INFO     | Controller Status Predict v1.0 Shutting down...
2025-11-13 18:16:23 | INFO     | Controller Status Predict v1.0 Starting up...
2025-11-13 18:16:23 | INFO     | website: http://127.0.0.1:8000/docs
2025-11-13 19:40:03 | INFO     | Controller Status Predict v1.0 Shutting down...
2025-11-13 19:40:04 | INFO     | Controller Status Predict v1.0 Starting up...
2025-11-13 19:40:04 | INFO     | website: http://127.0.0.1:8000/docs
2025-11-14 00:58:13 | INFO     | System v1.0.0 Starting up...
2025-11-14 00:58:13 | INFO     | website: http://0.0.0.0:8000/docs
2025-11-14 00:58:19 | INFO     | Upload heart data: user_001
2025-11-14 00:58:19 | INFO     | uploading heart data from user user_001
2025-11-14 00:58:19 | INFO     | Opening database session
2025-11-14 00:58:19 | INFO     | Begin DB transaction
2025-11-14 00:58:19 | INFO     | Initializing Redis connection pool
2025-11-14 00:58:19 | INFO     | init cache aside repository
2025-11-14 00:58:19 | ERROR    | error when insert heart rate data: (pymysql.err.ProgrammingError) (1146, "Table 'heartDb.heart_rate_data' doesn't exist")
[SQL: INSERT INTO heart_rate_data (user_id, timestamp, value, created_at) VALUES (%s, %s, %s, %s)]
[parameters: ('user_001', datetime.datetime(2024, 1, 15, 10, 0), 75.5, datetime.datetime(2025, 11, 14, 0, 58, 19, 382271))]
(Background on this error at: https://sqlalche.me/e/20/f405)
2025-11-14 00:58:19 | ERROR    | rollback DB transaction
Traceback (most recent call last):

  File "<string>", line 1, in <module>
  File "C:\Users\11025\anaconda3\envs\heart\Lib\multiprocessing\spawn.py", line 122, in spawn_main
    exitcode = _main(fd, parent_sentinel)
               │     │   └ 400
               │     └ 3
               └ <function _main at 0x000002382673B1A0>
  File "C:\Users\11025\anaconda3\envs\heart\Lib\multiprocessing\spawn.py", line 135, in _main
    return self._bootstrap(parent_sentinel)
           │    │          └ 400
           │    └ <function BaseProcess._bootstrap at 0x000002382647CAE0>
           └ <SpawnProcess name='SpawnProcess-1' parent=6036 started>
  File "C:\Users\11025\anaconda3\envs\heart\Lib\multiprocessing\process.py", line 314, in _bootstrap
    self.run()
    │    └ <function BaseProcess.run at 0x000002382647C040>
    └ <SpawnProcess name='SpawnProcess-1' parent=6036 started>
  File "C:\Users\11025\anaconda3\envs\heart\Lib\multiprocessing\process.py", line 108, in run
    self._target(*self._args, **self._kwargs)
    │    │        │    │        │    └ {'config': <uvicorn.config.Config object at 0x000002382894A360>, 'target': <bound method Server.run of <uvicorn.server.Server...
    │    │        │    │        └ <SpawnProcess name='SpawnProcess-1' parent=6036 started>
    │    │        │    └ ()
    │    │        └ <SpawnProcess name='SpawnProcess-1' parent=6036 started>
    │    └ <function subprocess_started at 0x00000238288C8860>
    └ <SpawnProcess name='SpawnProcess-1' parent=6036 started>
  File "C:\Users\11025\anaconda3\envs\heart\Lib\site-packages\uvicorn\_subprocess.py", line 80, in subprocess_started
    target(sockets=sockets)
    │              └ [<socket.socket fd=756, family=2, type=1, proto=6, laddr=('0.0.0.0', 8000)>]
    └ <bound method Server.run of <uvicorn.server.Server object at 0x000002382969EDB0>>
  File "C:\Users\11025\anaconda3\envs\heart\Lib\site-packages\uvicorn\server.py", line 67, in run
    return asyncio_run(self.serve(sockets=sockets), loop_factory=self.config.get_loop_factory())
           │           │    │             │                      │    │      └ <function Config.get_loop_factory at 0x00000238288594E0>
           │           │    │             │                      │    └ <uvicorn.config.Config object at 0x000002382894A360>
           │           │    │             │                      └ <uvicorn.server.Server object at 0x000002382969EDB0>
           │           │    │             └ [<socket.socket fd=756, family=2, type=1, proto=6, laddr=('0.0.0.0', 8000)>]
           │           │    └ <function Server.serve at 0x00000238288B3CE0>
           │           └ <uvicorn.server.Server object at 0x000002382969EDB0>
           └ <function run at 0x00000238260E0680>
  File "C:\Users\11025\anaconda3\envs\heart\Lib\asyncio\runners.py", line 195, in run
    return runner.run(main)
           │      │   └ <coroutine object Server.serve at 0x00000238296D4040>
           │      └ <function Runner.run at 0x000002382813E7A0>
           └ <asyncio.runners.Runner object at 0x0000023826137770>
  File "C:\Users\11025\anaconda3\envs\heart\Lib\asyncio\runners.py", line 118, in run
    return self._loop.run_until_complete(task)
           │    │     │                  └ <Task pending name='Task-1' coro=<Server.serve() running at C:\Users\11025\anaconda3\envs\heart\Lib\site-packages\uvicorn\ser...
           │    │     └ <function BaseEventLoop.run_until_complete at 0x000002382813C360>
           │    └ <_WindowsSelectorEventLoop running=True closed=False debug=False>
           └ <asyncio.runners.Runner object at 0x0000023826137770>
  File "C:\Users\11025\anaconda3\envs\heart\Lib\asyncio\base_events.py", line 678, in run_until_complete
    self.run_forever()
    │    └ <function BaseEventLoop.run_forever at 0x000002382813C2C0>
    └ <_WindowsSelectorEventLoop running=True closed=False debug=False>
  File "C:\Users\11025\anaconda3\envs\heart\Lib\asyncio\base_events.py", line 645, in run_forever
    self._run_once()
    │    └ <function BaseEventLoop._run_once at 0x000002382813E0C0>
    └ <_WindowsSelectorEventLoop running=True closed=False debug=False>
  File "C:\Users\11025\anaconda3\envs\heart\Lib\asyncio\base_events.py", line 1999, in _run_once
    handle._run()
    │      └ <function Handle._run at 0x000002382692A840>
    └ <Handle Task.task_wakeup(<Future finished result=None>)>
  File "C:\Users\11025\anaconda3\envs\heart\Lib\asyncio\events.py", line 88, in _run
    self._context.run(self._callback, *self._args)
    │    │            │    │           │    └ <member '_args' of 'Handle' objects>
    │    │            │    │           └ <Handle Task.task_wakeup(<Future finished result=None>)>
    │    │            │    └ <member '_callback' of 'Handle' objects>
    │    │            └ <Handle Task.task_wakeup(<Future finished result=None>)>
    │    └ <member '_context' of 'Handle' objects>
    └ <Handle Task.task_wakeup(<Future finished result=None>)>
  File "C:\Users\11025\anaconda3\envs\heart\Lib\site-packages\uvicorn\protocols\http\httptools_impl.py", line 409, in run_asgi
    result = await app(  # type: ignore[func-returns-value]
                   └ <uvicorn.middleware.proxy_headers.ProxyHeadersMiddleware object at 0x0000023828BF5220>
  File "C:\Users\11025\anaconda3\envs\heart\Lib\site-packages\uvicorn\middleware\proxy_headers.py", line 60, in __call__
    return await self.app(scope, receive, send)
                 │    │   │      │        └ <bound method RequestResponseCycle.send of <uvicorn.protocols.http.httptools_impl.RequestResponseCycle object at 0x000002382B...
                 │    │   │      └ <bound method RequestResponseCycle.receive of <uvicorn.protocols.http.httptools_impl.RequestResponseCycle object at 0x0000023...
                 │    │   └ {'type': 'http', 'asgi': {'version': '3.0', 'spec_version': '2.3'}, 'http_version': '1.1', 'server': ('127.0.0.1', 8000), 'cl...
                 │    └ <fastapi.applications.FastAPI object at 0x00000238296C1F40>
                 └ <uvicorn.middleware.proxy_headers.ProxyHeadersMiddleware object at 0x0000023828BF5220>
  File "C:\Users\11025\anaconda3\envs\heart\Lib\site-packages\fastapi\applications.py", line 1134, in __call__
    await super().__call__(scope, receive, send)
                           │      │        └ <bound method RequestResponseCycle.send of <uvicorn.protocols.http.httptools_impl.RequestResponseCycle object at 0x000002382B...
                           │      └ <bound method RequestResponseCycle.receive of <uvicorn.protocols.http.httptools_impl.RequestResponseCycle object at 0x0000023...
                           └ {'type': 'http', 'asgi': {'version': '3.0', 'spec_version': '2.3'}, 'http_version': '1.1', 'server': ('127.0.0.1', 8000), 'cl...
  File "C:\Users\11025\anaconda3\envs\heart\Lib\site-packages\starlette\applications.py", line 113, in __call__
    await self.middleware_stack(scope, receive, send)
          │    │                │      │        └ <bound method RequestResponseCycle.send of <uvicorn.protocols.http.httptools_impl.RequestResponseCycle object at 0x000002382B...
          │    │                │      └ <bound method RequestResponseCycle.receive of <uvicorn.protocols.http.httptools_impl.RequestResponseCycle object at 0x0000023...
          │    │                └ {'type': 'http', 'asgi': {'version': '3.0', 'spec_version': '2.3'}, 'http_version': '1.1', 'server': ('127.0.0.1', 8000), 'cl...
          │    └ <starlette.middleware.errors.ServerErrorMiddleware object at 0x000002382B9F5EB0>
          └ <fastapi.applications.FastAPI object at 0x00000238296C1F40>
  File "C:\Users\11025\anaconda3\envs\heart\Lib\site-packages\starlette\middleware\errors.py", line 164, in __call__
    await self.app(scope, receive, _send)
          │    │   │      │        └ <function ServerErrorMiddleware.__call__.<locals>._send at 0x000002382BB9F420>
          │    │   │      └ <bound method RequestResponseCycle.receive of <uvicorn.protocols.http.httptools_impl.RequestResponseCycle object at 0x0000023...
          │    │   └ {'type': 'http', 'asgi': {'version': '3.0', 'spec_version': '2.3'}, 'http_version': '1.1', 'server': ('127.0.0.1', 8000), 'cl...
          │    └ <starlette.middleware.cors.CORSMiddleware object at 0x000002382BB9BEF0>
          └ <starlette.middleware.errors.ServerErrorMiddleware object at 0x000002382B9F5EB0>
  File "C:\Users\11025\anaconda3\envs\heart\Lib\site-packages\starlette\middleware\cors.py", line 85, in __call__
    await self.app(scope, receive, send)
          │    │   │      │        └ <function ServerErrorMiddleware.__call__.<locals>._send at 0x000002382BB9F420>
          │    │   │      └ <bound method RequestResponseCycle.receive of <uvicorn.protocols.http.httptools_impl.RequestResponseCycle object at 0x0000023...
          │    │   └ {'type': 'http', 'asgi': {'version': '3.0', 'spec_version': '2.3'}, 'http_version': '1.1', 'server': ('127.0.0.1', 8000), 'cl...
          │    └ <starlette.middleware.exceptions.ExceptionMiddleware object at 0x0000023829C9F230>
          └ <starlette.middleware.cors.CORSMiddleware object at 0x000002382BB9BEF0>
  File "C:\Users\11025\anaconda3\envs\heart\Lib\site-packages\starlette\middleware\exceptions.py", line 63, in __call__
    await wrap_app_handling_exceptions(self.app, conn)(scope, receive, send)
          │                            │    │    │     │      │        └ <function ServerErrorMiddleware.__call__.<locals>._send at 0x000002382BB9F420>
          │                            │    │    │     │      └ <bound method RequestResponseCycle.receive of <uvicorn.protocols.http.httptools_impl.RequestResponseCycle object at 0x0000023...
          │                            │    │    │     └ {'type': 'http', 'asgi': {'version': '3.0', 'spec_version': '2.3'}, 'http_version': '1.1', 'server': ('127.0.0.1', 8000), 'cl...
          │                            │    │    └ <starlette.requests.Request object at 0x000002382BBB0800>
          │                            │    └ <fastapi.middleware.asyncexitstack.AsyncExitStackMiddleware object at 0x000002382BB9BF20>
          │                            └ <starlette.middleware.exceptions.ExceptionMiddleware object at 0x0000023829C9F230>
          └ <function wrap_app_handling_exceptions at 0x0000023829B579C0>
  File "C:\Users\11025\anaconda3\envs\heart\Lib\site-packages\starlette\_exception_handler.py", line 42, in wrapped_app
    await app(scope, receive, sender)
          │   │      │        └ <function wrap_app_handling_exceptions.<locals>.wrapped_app.<locals>.sender at 0x000002382BB9F1A0>
          │   │      └ <bound method RequestResponseCycle.receive of <uvicorn.protocols.http.httptools_impl.RequestResponseCycle object at 0x0000023...
          │   └ {'type': 'http', 'asgi': {'version': '3.0', 'spec_version': '2.3'}, 'http_version': '1.1', 'server': ('127.0.0.1', 8000), 'cl...
          └ <fastapi.middleware.asyncexitstack.AsyncExitStackMiddleware object at 0x000002382BB9BF20>
  File "C:\Users\11025\anaconda3\envs\heart\Lib\site-packages\fastapi\middleware\asyncexitstack.py", line 18, in __call__
    await self.app(scope, receive, send)
          │    │   │      │        └ <function wrap_app_handling_exceptions.<locals>.wrapped_app.<locals>.sender at 0x000002382BB9F1A0>
          │    │   │      └ <bound method RequestResponseCycle.receive of <uvicorn.protocols.http.httptools_impl.RequestResponseCycle object at 0x0000023...
          │    │   └ {'type': 'http', 'asgi': {'version': '3.0', 'spec_version': '2.3'}, 'http_version': '1.1', 'server': ('127.0.0.1', 8000), 'cl...
          │    └ <fastapi.routing.APIRouter object at 0x000002382BB5DD60>
          └ <fastapi.middleware.asyncexitstack.AsyncExitStackMiddleware object at 0x000002382BB9BF20>
  File "C:\Users\11025\anaconda3\envs\heart\Lib\site-packages\starlette\routing.py", line 716, in __call__
    await self.middleware_stack(scope, receive, send)
          │    │                │      │        └ <function wrap_app_handling_exceptions.<locals>.wrapped_app.<locals>.sender at 0x000002382BB9F1A0>
          │    │                │      └ <bound method RequestResponseCycle.receive of <uvicorn.protocols.http.httptools_impl.RequestResponseCycle object at 0x0000023...
          │    │                └ {'type': 'http', 'asgi': {'version': '3.0', 'spec_version': '2.3'}, 'http_version': '1.1', 'server': ('127.0.0.1', 8000), 'cl...
          │    └ <bound method Router.app of <fastapi.routing.APIRouter object at 0x000002382BB5DD60>>
          └ <fastapi.routing.APIRouter object at 0x000002382BB5DD60>
  File "C:\Users\11025\anaconda3\envs\heart\Lib\site-packages\starlette\routing.py", line 736, in app
    await route.handle(scope, receive, send)
          │     │      │      │        └ <function wrap_app_handling_exceptions.<locals>.wrapped_app.<locals>.sender at 0x000002382BB9F1A0>
          │     │      │      └ <bound method RequestResponseCycle.receive of <uvicorn.protocols.http.httptools_impl.RequestResponseCycle object at 0x0000023...
          │     │      └ {'type': 'http', 'asgi': {'version': '3.0', 'spec_version': '2.3'}, 'http_version': '1.1', 'server': ('127.0.0.1', 8000), 'cl...
          │     └ <function Route.handle at 0x0000023829B8CF40>
          └ APIRoute(path='/api/upload_heart_data', name='upload_heart_data', methods=['POST'])
  File "C:\Users\11025\anaconda3\envs\heart\Lib\site-packages\starlette\routing.py", line 290, in handle
    await self.app(scope, receive, send)
          │    │   │      │        └ <function wrap_app_handling_exceptions.<locals>.wrapped_app.<locals>.sender at 0x000002382BB9F1A0>
          │    │   │      └ <bound method RequestResponseCycle.receive of <uvicorn.protocols.http.httptools_impl.RequestResponseCycle object at 0x0000023...
          │    │   └ {'type': 'http', 'asgi': {'version': '3.0', 'spec_version': '2.3'}, 'http_version': '1.1', 'server': ('127.0.0.1', 8000), 'cl...
          │    └ <function request_response.<locals>.app at 0x000002382BB9CB80>
          └ APIRoute(path='/api/upload_heart_data', name='upload_heart_data', methods=['POST'])
  File "C:\Users\11025\anaconda3\envs\heart\Lib\site-packages\fastapi\routing.py", line 125, in app
    await wrap_app_handling_exceptions(app, request)(scope, receive, send)
          │                            │    │        │      │        └ <function wrap_app_handling_exceptions.<locals>.wrapped_app.<locals>.sender at 0x000002382BB9F1A0>
          │                            │    │        │      └ <bound method RequestResponseCycle.receive of <uvicorn.protocols.http.httptools_impl.RequestResponseCycle object at 0x0000023...
          │                            │    │        └ {'type': 'http', 'asgi': {'version': '3.0', 'spec_version': '2.3'}, 'http_version': '1.1', 'server': ('127.0.0.1', 8000), 'cl...
          │                            │    └ <starlette.requests.Request object at 0x000002382BBB09B0>
          │                            └ <function request_response.<locals>.app.<locals>.app at 0x000002382BB9F100>
          └ <function wrap_app_handling_exceptions at 0x0000023829B579C0>
  File "C:\Users\11025\anaconda3\envs\heart\Lib\site-packages\starlette\_exception_handler.py", line 42, in wrapped_app
    await app(scope, receive, sender)
          │   │      │        └ <function wrap_app_handling_exceptions.<locals>.wrapped_app.<locals>.sender at 0x000002382BB9EFC0>
          │   │      └ <bound method RequestResponseCycle.receive of <uvicorn.protocols.http.httptools_impl.RequestResponseCycle object at 0x0000023...
          │   └ {'type': 'http', 'asgi': {'version': '3.0', 'spec_version': '2.3'}, 'http_version': '1.1', 'server': ('127.0.0.1', 8000), 'cl...
          └ <function request_response.<locals>.app.<locals>.app at 0x000002382BB9F100>
  File "C:\Users\11025\anaconda3\envs\heart\Lib\site-packages\fastapi\routing.py", line 111, in app
    response = await f(request)
                     │ └ <starlette.requests.Request object at 0x000002382BBB09B0>
                     └ <function get_request_handler.<locals>.app at 0x000002382BB9CA40>
  File "C:\Users\11025\anaconda3\envs\heart\Lib\site-packages\fastapi\routing.py", line 391, in app
    raw_response = await run_endpoint_function(
                         └ <function run_endpoint_function at 0x0000023829B8ED40>
  File "C:\Users\11025\anaconda3\envs\heart\Lib\site-packages\fastapi\routing.py", line 290, in run_endpoint_function
    return await dependant.call(**values)
                 │         │      └ {'request': HeartDataRequest(user_id='user_001', heart_rate=[HeartRateData(rate_id=1, timestamp='2024-01-15 10:00:00', value=...
                 │         └ <function upload_heart_data at 0x0000023829BBD440>
                 └ Dependant(path_params=[], query_params=[], header_params=[], cookie_params=[], body_params=[ModelField(field_info=Body(Pydant...

  File "Z:\2025\code\heartDemo\app\api.py", line 26, in upload_heart_data
    return await data_service.upload_heart_data(request=request)
                 │            │                         └ HeartDataRequest(user_id='user_001', heart_rate=[HeartRateData(rate_id=1, timestamp='2024-01-15 10:00:00', value=75.5), Heart...
                 │            └ <staticmethod(<function DataService.upload_heart_data at 0x000002382BB2F6A0>)>
                 └ <app.services.DataService object at 0x0000023829DA7410>

  File "Z:\2025\code\heartDemo\app\services.py", line 38, in upload_heart_data
    async for db in get_db():
              │     └ <function get_db at 0x000002382BB2F560>
              └ <sqlalchemy.ext.asyncio.session.AsyncSession object at 0x000002382B51A1B0>

> File "Z:\2025\code\heartDemo\app\database.py", line 50, in get_db
    await session.commit()
          │       └ <function AsyncSession.commit at 0x000002382B77C5E0>
          └ <sqlalchemy.ext.asyncio.session.AsyncSession object at 0x000002382B51A1B0>

  File "C:\Users\11025\anaconda3\envs\heart\Lib\site-packages\sqlalchemy\ext\asyncio\session.py", line 1000, in commit
    await greenlet_spawn(self.sync_session.commit)
          │              │    │            └ <function Session.commit at 0x000002382B6B56C0>
          │              │    └ <sqlalchemy.orm.session.Session object at 0x000002382BBB2750>
          │              └ <sqlalchemy.ext.asyncio.session.AsyncSession object at 0x000002382B51A1B0>
          └ <function greenlet_spawn at 0x0000023829D5F600>
  File "C:\Users\11025\anaconda3\envs\heart\Lib\site-packages\sqlalchemy\util\_concurrency_py3k.py", line 190, in greenlet_spawn
    result = context.switch(*args, **kwargs)
             │       │       │       └ {}
             │       │       └ ()
             │       └ <method 'switch' of 'greenlet.greenlet' objects>
             └ <_AsyncIoGreenlet object at 0x000002382BBC0200 (otid=0x0000023828DB3090) dead>
  File "C:\Users\11025\anaconda3\envs\heart\Lib\site-packages\sqlalchemy\orm\session.py", line 2030, in commit
    trans.commit(_to_root=True)
    │     └ <function SessionTransaction.commit at 0x000002382B6B4680>
    └ <sqlalchemy.orm.session.SessionTransaction object at 0x000002382BBBB010>
  File "<string>", line 2, in commit
  File "C:\Users\11025\anaconda3\envs\heart\Lib\site-packages\sqlalchemy\orm\state_changes.py", line 101, in _go
    self._raise_for_prerequisite_state(fn.__name__, current_state)
    │    │                             │  │         └ <SessionTransactionState.DEACTIVE: 4>
    │    │                             │  └ <attribute '__name__' of 'function' objects>
    │    │                             └ <function SessionTransaction.commit at 0x000002382B6B45E0>
    │    └ <function SessionTransaction._raise_for_prerequisite_state at 0x000002382B69F740>
    └ <sqlalchemy.orm.session.SessionTransaction object at 0x000002382BBBB010>
  File "C:\Users\11025\anaconda3\envs\heart\Lib\site-packages\sqlalchemy\orm\session.py", line 971, in _raise_for_prerequisite_state
    raise sa_exc.PendingRollbackError(
          │      └ <class 'sqlalchemy.exc.PendingRollbackError'>
          └ <module 'sqlalchemy.exc' from 'C:\\Users\\11025\\anaconda3\\envs\\heart\\Lib\\site-packages\\sqlalchemy\\exc.py'>

sqlalchemy.exc.PendingRollbackError: This Session's transaction has been rolled back due to a previous exception during flush. To begin a new transaction with this Session, first issue Session.rollback(). Original exception was: (pymysql.err.ProgrammingError) (1146, "Table 'heartDb.heart_rate_data' doesn't exist")
[SQL: INSERT INTO heart_rate_data (user_id, timestamp, value, created_at) VALUES (%s, %s, %s, %s)]
[parameters: ('user_001', datetime.datetime(2024, 1, 15, 10, 0), 75.5, datetime.datetime(2025, 11, 14, 0, 58, 19, 382271))]
(Background on this error at: https://sqlalche.me/e/20/f405) (Background on this error at: https://sqlalche.me/e/20/7s2a)
2025-11-14 00:58:19 | INFO     | Closing DB session
2025-11-14 00:58:44 | INFO     | System v1.0.0 Shutting down...
2025-11-14 19:02:45 | INFO     | System v1.0.0 Starting up...
2025-11-14 19:02:45 | INFO     | website: http://0.0.0.0:8000/docs
2025-11-22 22:05:46 | INFO     | System v1.0.0 Starting up...
2025-11-22 22:05:46 | INFO     | website: http://0.0.0.0:8000/docs
2025-11-22 22:05:56 | INFO     | System v1.0.0 Shutting down...
2025-11-24 18:40:19 | INFO     | Initializing database
2025-11-24 18:40:19 | INFO     | System v1.0.0 Starting up...
2025-11-24 18:40:19 | INFO     | website: http://0.0.0.0:8000/docs
2025-11-24 18:41:29 | INFO     | System v1.0.0 Shutting down...
2025-11-24 18:43:19 | INFO     | Initializing database
2025-11-24 18:43:21 | INFO     | System v1.0.0 Starting up...
2025-11-24 18:43:21 | INFO     | website: http://0.0.0.0:8000/docs
2025-11-24 18:43:51 | INFO     | System v1.0.0 Shutting down...
2025-11-25 00:12:40 | INFO     | Initializing database
2025-11-25 00:12:41 | INFO     | System v1.0.0 Starting up...
2025-11-25 00:12:41 | INFO     | website: http://0.0.0.0:8000/docs
2025-11-25 00:17:38 | INFO     | System v1.0.0 Shutting down...
2025-11-25 00:17:41 | INFO     | Initializing database
2025-11-25 00:17:41 | INFO     | System v1.0.0 Starting up...
2025-11-25 00:17:41 | INFO     | website: http://0.0.0.0:8000/docs
2025-11-25 00:33:58 | INFO     | Upload heart data: 0001
2025-11-25 00:33:58 | INFO     | uploading heart data from user 0001
2025-11-25 00:33:58 | INFO     | Opening database session
2025-11-25 00:33:58 | INFO     | Begin DB transaction
2025-11-25 00:33:58 | INFO     | Initializing Redis connection pool
2025-11-25 00:33:58 | INFO     | init cache aside repository
2025-11-25 00:33:58 | INFO     | invalidate cache - keys : ('heart_rate:0001:latest',)
2025-11-25 00:33:58 | INFO     | insert heart rate data - user : 0001
2025-11-25 00:33:58 | INFO     | Closing DB session
2025-11-25 00:33:59 | INFO     | System v1.0.0 Shutting down...
2025-11-25 00:34:01 | INFO     | Initializing database
2025-11-25 00:34:01 | INFO     | System v1.0.0 Starting up...
2025-11-25 00:34:01 | INFO     | website: http://0.0.0.0:8000/docs
2025-11-25 00:34:01 | INFO     | System v1.0.0 Shutting down...
2025-11-25 00:34:03 | INFO     | Initializing database
2025-11-25 00:34:03 | INFO     | System v1.0.0 Starting up...
2025-11-25 00:34:03 | INFO     | website: http://0.0.0.0:8000/docs
2025-11-25 00:37:00 | INFO     | System v1.0.0 Shutting down...
2025-11-25 00:37:03 | INFO     | Initializing database
2025-11-25 00:37:03 | INFO     | System v1.0.0 Starting up...
2025-11-25 00:37:03 | INFO     | website: http://0.0.0.0:8000/docs
2025-11-25 00:37:05 | INFO     | Upload heart data: 0001
2025-11-25 00:37:05 | INFO     | uploading heart data from user 0001
2025-11-25 00:37:05 | INFO     | Opening database session
2025-11-25 00:37:05 | INFO     | Begin DB transaction
2025-11-25 00:37:05 | INFO     | Initializing Redis connection pool
2025-11-25 00:37:05 | INFO     | init cache aside repository
2025-11-25 00:37:05 | INFO     | insert heart rate data
2025-11-25 00:37:05 | INFO     | invalidate cache - keys : ('heart_rate:0001:latest',)
2025-11-25 00:37:05 | INFO     | insert heart rate data - user : 0001
2025-11-25 00:37:05 | INFO     | Closing DB session
2025-11-25 00:37:23 | INFO     | Initializing database
2025-11-25 00:37:23 | INFO     | System v1.0.0 Starting up...
2025-11-25 00:37:23 | INFO     | website: http://0.0.0.0:8000/docs
2025-11-25 00:37:29 | INFO     | Upload heart data: 0001
2025-11-25 00:37:29 | INFO     | uploading heart data from user 0001
2025-11-25 00:37:29 | INFO     | Opening database session
2025-11-25 00:37:29 | INFO     | Begin DB transaction
2025-11-25 00:37:29 | INFO     | Initializing Redis connection pool
2025-11-25 00:37:29 | INFO     | init cache aside repository
2025-11-25 00:37:29 | INFO     | insert heart rate data
2025-11-25 00:37:29 | INFO     | invalidate cache - keys : ('heart_rate:0001:latest',)
2025-11-25 00:37:29 | INFO     | insert heart rate data - user : 0001
2025-11-25 00:37:29 | INFO     | Closing DB session
2025-11-25 00:43:07 | INFO     | Upload heart data: 0001
2025-11-25 00:43:07 | INFO     | uploading heart data from user 0001
2025-11-25 00:43:07 | INFO     | Opening database session
2025-11-25 00:43:07 | INFO     | Begin DB transaction
2025-11-25 00:43:07 | INFO     | init cache aside repository
2025-11-25 00:43:07 | INFO     | insert heart rate data
2025-11-25 00:43:07 | INFO     | invalidate cache - keys : ('heart_rate:0001:latest',)
2025-11-25 00:43:07 | INFO     | insert heart rate data - user : 0001
2025-11-25 00:43:07 | INFO     | Closing DB session
2025-11-25 00:44:40 | INFO     | System v1.0.0 Shutting down...
2025-11-25 00:44:42 | INFO     | Initializing database
2025-11-25 00:44:42 | INFO     | System v1.0.0 Starting up...
2025-11-25 00:44:42 | INFO     | website: http://0.0.0.0:8000/docs
2025-11-25 00:59:12 | INFO     | Initializing database
2025-11-25 00:59:12 | INFO     | System v1.0.0 Starting up...
2025-11-25 00:59:12 | INFO     | website: http://0.0.0.0:8000/docs
2025-11-25 00:59:30 | INFO     | Upload heart data: 0001
2025-11-25 00:59:30 | INFO     | uploading heart data from user 0001
2025-11-25 00:59:30 | INFO     | Opening database session
2025-11-25 00:59:30 | INFO     | Begin DB transaction
2025-11-25 00:59:30 | INFO     | Initializing Redis connection pool
2025-11-25 00:59:30 | INFO     | init cache aside repository
2025-11-25 00:59:30 | INFO     | insert heart rate data
2025-11-25 00:59:30 | INFO     | invalidate cache - keys : ('heart_rate:0001:latest',)
2025-11-25 00:59:30 | INFO     | insert heart rate data - user : 0001
2025-11-25 00:59:30 | INFO     | Closing DB session
2025-11-25 01:00:06 | INFO     | System v1.0.0 Shutting down...
2025-11-25 01:11:15 | INFO     | Initializing database
2025-11-25 01:11:15 | INFO     | System v1.0.0 Starting up...
2025-11-25 01:11:15 | INFO     | website: http://0.0.0.0:8000/docs
2025-11-25 01:11:23 | INFO     | Upload heart data: 0001
2025-11-25 01:11:23 | INFO     | uploading heart data from user 0001
2025-11-25 01:11:23 | INFO     | Opening database session
2025-11-25 01:11:23 | INFO     | Begin DB transaction
2025-11-25 01:11:23 | INFO     | Initializing Redis connection pool
2025-11-25 01:11:23 | INFO     | init cache aside repository
2025-11-25 01:11:23 | INFO     | insert heart rate data
2025-11-25 01:11:23 | INFO     | insert heart rate data - user : 0001, data : {'rate_id': 1, 'timestamp': '2025-11-25 08:30:00', 'value': 72.0}
2025-11-25 01:11:23 | INFO     | insert heart rate data - user : 0001, data : {'rate_id': 2, 'timestamp': '2025-11-25 08:31:00', 'value': 74.0}
2025-11-25 01:11:23 | INFO     | insert heart rate data - user : 0001, data : {'rate_id': 3, 'timestamp': '2025-11-25 08:32:00', 'value': 78.0}
2025-11-25 01:11:23 | INFO     | insert heart rate data - user : 0001, data : {'rate_id': 4, 'timestamp': '2025-11-25 08:33:00', 'value': 81.0}
2025-11-25 01:11:23 | INFO     | insert heart rate data - user : 0001, data : {'rate_id': 5, 'timestamp': '2025-11-25 08:34:00', 'value': 79.0}
2025-11-25 01:11:23 | INFO     | invalidate cache - keys : ('heart_rate:0001:latest',)
2025-11-25 01:11:23 | INFO     | insert heart rate data - user : 0001
2025-11-25 01:11:23 | INFO     | Closing DB session
2025-11-25 01:14:41 | INFO     | System v1.0.0 Shutting down...
2025-11-25 01:14:43 | INFO     | Initializing database
2025-11-25 01:14:43 | INFO     | System v1.0.0 Starting up...
2025-11-25 01:14:43 | INFO     | website: http://0.0.0.0:8000/docs
2025-11-25 01:14:48 | INFO     | Upload heart data: 0001
2025-11-25 01:14:48 | INFO     | uploading heart data from user 0001
2025-11-25 01:14:48 | INFO     | Opening database session
2025-11-25 01:14:48 | INFO     | Begin DB transaction
2025-11-25 01:14:48 | INFO     | Initializing Redis connection pool
2025-11-25 01:14:48 | INFO     | init cache aside repository
2025-11-25 01:14:48 | INFO     | insert heart rate data
2025-11-25 01:14:48 | INFO     | insert heart rate data - user : 0001, data : {'rate_id': 1, 'timestamp': '2025-11-25 08:30:00', 'value': 72.0}
2025-11-25 01:14:48 | INFO     | insert heart rate data - user : 0001, data : {'rate_id': 2, 'timestamp': '2025-11-25 08:31:00', 'value': 74.0}
2025-11-25 01:14:48 | INFO     | insert heart rate data - user : 0001, data : {'rate_id': 3, 'timestamp': '2025-11-25 08:32:00', 'value': 78.0}
2025-11-25 01:14:48 | INFO     | insert heart rate data - user : 0001, data : {'rate_id': 4, 'timestamp': '2025-11-25 08:33:00', 'value': 81.0}
2025-11-25 01:14:48 | INFO     | insert heart rate data - user : 0001, data : {'rate_id': 5, 'timestamp': '2025-11-25 08:34:00', 'value': 79.0}
2025-11-25 01:14:48 | INFO     | set cache - key : ['heart_rate:0001:latest']
2025-11-25 01:14:48 | ERROR    | error when insert heart rate data: Object of type HeartRateDataDB is not JSON serializable
2025-11-25 01:14:48 | INFO     | Closing DB session
2025-11-25 01:15:21 | INFO     | System v1.0.0 Shutting down...
2025-11-25 01:15:23 | INFO     | Initializing database
2025-11-25 01:15:23 | INFO     | System v1.0.0 Starting up...
2025-11-25 01:15:23 | INFO     | website: http://0.0.0.0:8000/docs
2025-11-25 01:15:28 | INFO     | Upload heart data: 0001
2025-11-25 01:15:28 | INFO     | uploading heart data from user 0001
2025-11-25 01:15:28 | INFO     | Opening database session
2025-11-25 01:15:28 | INFO     | Begin DB transaction
2025-11-25 01:15:28 | INFO     | Initializing Redis connection pool
2025-11-25 01:15:28 | INFO     | init cache aside repository
2025-11-25 01:15:28 | INFO     | insert heart rate data
2025-11-25 01:15:28 | INFO     | insert heart rate data - user : 0001, data : {'rate_id': 1, 'timestamp': '2025-11-25 08:30:00', 'value': 72.0}
2025-11-25 01:15:28 | INFO     | insert heart rate data - user : 0001, data : {'rate_id': 2, 'timestamp': '2025-11-25 08:31:00', 'value': 74.0}
2025-11-25 01:15:28 | INFO     | insert heart rate data - user : 0001, data : {'rate_id': 3, 'timestamp': '2025-11-25 08:32:00', 'value': 78.0}
2025-11-25 01:15:28 | INFO     | insert heart rate data - user : 0001, data : {'rate_id': 4, 'timestamp': '2025-11-25 08:33:00', 'value': 81.0}
2025-11-25 01:15:28 | INFO     | insert heart rate data - user : 0001, data : {'rate_id': 5, 'timestamp': '2025-11-25 08:34:00', 'value': 79.0}
2025-11-25 01:15:28 | INFO     | Closing DB session
2025-11-25 01:19:53 | INFO     | System v1.0.0 Shutting down...
2025-11-25 01:19:55 | INFO     | Initializing database
2025-11-25 01:19:55 | INFO     | System v1.0.0 Starting up...
2025-11-25 01:19:55 | INFO     | website: http://0.0.0.0:8000/docs
2025-11-25 01:20:03 | INFO     | Upload heart data: 0001
2025-11-25 01:20:03 | INFO     | uploading heart data from user 0001
2025-11-25 01:20:03 | INFO     | Opening database session
2025-11-25 01:20:03 | INFO     | Begin DB transaction
2025-11-25 01:20:03 | INFO     | Initializing Redis connection pool
2025-11-25 01:20:03 | INFO     | init cache aside repository
2025-11-25 01:20:03 | INFO     | insert heart rate data
2025-11-25 01:20:03 | INFO     | insert heart rate data - user : 0001, data : {'rate_id': 1, 'timestamp': '2025-11-25 08:30:00', 'value': 72.0}
2025-11-25 01:20:03 | INFO     | insert heart rate data - user : 0001, data : {'rate_id': 2, 'timestamp': '2025-11-25 08:31:00', 'value': 74.0}
2025-11-25 01:20:03 | INFO     | insert heart rate data - user : 0001, data : {'rate_id': 3, 'timestamp': '2025-11-25 08:32:00', 'value': 78.0}
2025-11-25 01:20:03 | INFO     | insert heart rate data - user : 0001, data : {'rate_id': 4, 'timestamp': '2025-11-25 08:33:00', 'value': 81.0}
2025-11-25 01:20:03 | INFO     | insert heart rate data - user : 0001, data : {'rate_id': 5, 'timestamp': '2025-11-25 08:34:00', 'value': 79.0}
2025-11-25 01:20:03 | INFO     | set cache - key : ['heart_rate:0001:latest']
2025-11-25 01:20:03 | ERROR    | error when insert heart rate data: Object of type HeartRateDataDB is not JSON serializable
2025-11-25 01:20:03 | INFO     | Closing DB session
2025-11-25 01:25:20 | INFO     | Initializing database
2025-11-25 01:25:20 | INFO     | System v1.0.0 Starting up...
2025-11-25 01:25:20 | INFO     | website: http://0.0.0.0:8000/docs
2025-11-25 01:25:24 | INFO     | Upload heart data: 0001
2025-11-25 01:25:24 | INFO     | uploading heart data from user 0001
2025-11-25 01:25:24 | INFO     | Opening database session
2025-11-25 01:25:24 | INFO     | Begin DB transaction
2025-11-25 01:25:24 | INFO     | Initializing Redis connection pool
2025-11-25 01:25:24 | INFO     | init cache aside repository
2025-11-25 01:25:24 | INFO     | insert heart rate data
2025-11-25 01:25:24 | INFO     | insert heart rate data - user : 0001, data : {'rate_id': 1, 'timestamp': '2025-11-25 08:30:00', 'value': 72.0}
2025-11-25 01:25:24 | INFO     | insert heart rate data - user : 0001, data : {'rate_id': 2, 'timestamp': '2025-11-25 08:31:00', 'value': 74.0}
2025-11-25 01:25:24 | INFO     | insert heart rate data - user : 0001, data : {'rate_id': 3, 'timestamp': '2025-11-25 08:32:00', 'value': 78.0}
2025-11-25 01:25:24 | INFO     | insert heart rate data - user : 0001, data : {'rate_id': 4, 'timestamp': '2025-11-25 08:33:00', 'value': 81.0}
2025-11-25 01:25:24 | INFO     | insert heart rate data - user : 0001, data : {'rate_id': 5, 'timestamp': '2025-11-25 08:34:00', 'value': 79.0}
2025-11-25 01:25:24 | INFO     | set cache - key : heart_rate:0001:latest
2025-11-25 01:25:24 | ERROR    | error when insert heart rate data: Object of type HeartRateDataDB is not JSON serializable
2025-11-25 01:25:24 | INFO     | Closing DB session
2025-11-25 01:25:37 | INFO     | System v1.0.0 Shutting down...
2025-11-25 01:25:40 | INFO     | Initializing database
2025-11-25 01:25:40 | INFO     | System v1.0.0 Starting up...
2025-11-25 01:25:40 | INFO     | website: http://0.0.0.0:8000/docs
2025-11-25 01:25:45 | INFO     | Upload heart data: 0001
2025-11-25 01:25:45 | INFO     | uploading heart data from user 0001
2025-11-25 01:25:45 | INFO     | Opening database session
2025-11-25 01:25:45 | INFO     | Begin DB transaction
2025-11-25 01:25:45 | INFO     | Initializing Redis connection pool
2025-11-25 01:25:45 | INFO     | init cache aside repository
2025-11-25 01:25:45 | INFO     | insert heart rate data
2025-11-25 01:25:45 | INFO     | insert heart rate data - user : 0001, data : {'rate_id': 1, 'timestamp': '2025-11-25 08:30:00', 'value': 72.0}
2025-11-25 01:25:45 | INFO     | insert heart rate data - user : 0001, data : {'rate_id': 2, 'timestamp': '2025-11-25 08:31:00', 'value': 74.0}
2025-11-25 01:25:45 | INFO     | insert heart rate data - user : 0001, data : {'rate_id': 3, 'timestamp': '2025-11-25 08:32:00', 'value': 78.0}
2025-11-25 01:25:45 | INFO     | insert heart rate data - user : 0001, data : {'rate_id': 4, 'timestamp': '2025-11-25 08:33:00', 'value': 81.0}
2025-11-25 01:25:45 | INFO     | insert heart rate data - user : 0001, data : {'rate_id': 5, 'timestamp': '2025-11-25 08:34:00', 'value': 79.0}
2025-11-25 01:25:45 | INFO     | insert heart rate data - user : 0001
2025-11-25 01:25:45 | INFO     | Closing DB session
2025-11-25 01:28:21 | INFO     | System v1.0.0 Shutting down...
2025-11-25 01:28:24 | INFO     | Initializing database
2025-11-25 01:28:24 | INFO     | System v1.0.0 Starting up...
2025-11-25 01:28:24 | INFO     | website: http://0.0.0.0:8000/docs
2025-11-25 01:28:28 | INFO     | Upload heart data: 0001
2025-11-25 01:28:28 | INFO     | uploading heart data from user 0001
2025-11-25 01:28:28 | INFO     | Opening database session
2025-11-25 01:28:28 | INFO     | Begin DB transaction
2025-11-25 01:28:28 | INFO     | Initializing Redis connection pool
2025-11-25 01:28:28 | INFO     | init cache aside repository
2025-11-25 01:28:28 | INFO     | insert heart rate data
2025-11-25 01:28:28 | INFO     | insert heart rate data - user : 0001, data : {'rate_id': 1, 'timestamp': '2025-11-25 08:30:00', 'value': 72.0}
2025-11-25 01:28:28 | INFO     | insert heart rate data - user : 0001, data : {'rate_id': 2, 'timestamp': '2025-11-25 08:31:00', 'value': 74.0}
2025-11-25 01:28:28 | INFO     | insert heart rate data - user : 0001, data : {'rate_id': 3, 'timestamp': '2025-11-25 08:32:00', 'value': 78.0}
2025-11-25 01:28:28 | INFO     | insert heart rate data - user : 0001, data : {'rate_id': 4, 'timestamp': '2025-11-25 08:33:00', 'value': 81.0}
2025-11-25 01:28:28 | INFO     | insert heart rate data - user : 0001, data : {'rate_id': 5, 'timestamp': '2025-11-25 08:34:00', 'value': 79.0}
2025-11-25 01:28:28 | INFO     | insert heart rate data - user : 0001
2025-11-25 01:28:28 | INFO     | Closing DB session
2025-11-25 01:33:22 | INFO     | System v1.0.0 Shutting down...
2025-11-25 01:33:24 | INFO     | Initializing database
2025-11-25 01:33:25 | INFO     | System v1.0.0 Starting up...
2025-11-25 01:33:25 | INFO     | website: http://0.0.0.0:8000/docs
2025-11-25 01:33:25 | INFO     | System v1.0.0 Shutting down...
2025-11-25 01:33:27 | INFO     | Initializing database
2025-11-25 01:33:27 | INFO     | System v1.0.0 Starting up...
2025-11-25 01:33:27 | INFO     | website: http://0.0.0.0:8000/docs
2025-11-25 01:38:22 | INFO     | System v1.0.0 Shutting down...
2025-11-25 01:38:25 | INFO     | Initializing database
2025-11-25 01:38:25 | INFO     | System v1.0.0 Starting up...
2025-11-25 01:38:25 | INFO     | website: http://0.0.0.0:8000/docs
2025-11-25 01:38:25 | INFO     | System v1.0.0 Shutting down...
2025-11-25 01:38:28 | INFO     | Initializing database
2025-11-25 01:38:28 | INFO     | System v1.0.0 Starting up...
2025-11-25 01:38:28 | INFO     | website: http://0.0.0.0:8000/docs
2025-11-25 01:41:49 | INFO     | System v1.0.0 Shutting down...
2025-11-25 01:41:51 | INFO     | Initializing database
2025-11-25 01:41:51 | INFO     | System v1.0.0 Starting up...
2025-11-25 01:41:51 | INFO     | website: http://0.0.0.0:8000/docs
2025-11-25 01:41:51 | INFO     | System v1.0.0 Shutting down...
2025-11-25 01:41:53 | INFO     | Initializing database
2025-11-25 01:41:53 | INFO     | System v1.0.0 Starting up...
2025-11-25 01:41:53 | INFO     | website: http://0.0.0.0:8000/docs
2025-11-25 01:42:09 | INFO     | Upload heart data: 0001
2025-11-25 01:42:09 | INFO     | uploading heart data from user 0001
2025-11-25 01:42:09 | INFO     | Opening database session
2025-11-25 01:42:09 | INFO     | Begin DB transaction
2025-11-25 01:42:09 | INFO     | Initializing Redis connection pool
2025-11-25 01:42:09 | INFO     | init cache aside repository
2025-11-25 01:42:09 | INFO     | insert heart rate data
2025-11-25 01:42:09 | INFO     | insert heart rate data - user : 0001, data : {'rate_id': 1, 'timestamp': '2025-11-25 08:30:00', 'value': 72.0}
2025-11-25 01:42:09 | INFO     | insert heart rate data - user : 0001, data : {'rate_id': 2, 'timestamp': '2025-11-25 08:31:00', 'value': 74.0}
2025-11-25 01:42:09 | INFO     | insert heart rate data - user : 0001, data : {'rate_id': 3, 'timestamp': '2025-11-25 08:32:00', 'value': 78.0}
2025-11-25 01:42:09 | INFO     | insert heart rate data - user : 0001, data : {'rate_id': 4, 'timestamp': '2025-11-25 08:33:00', 'value': 81.0}
2025-11-25 01:42:09 | INFO     | insert heart rate data - user : 0001, data : {'rate_id': 5, 'timestamp': '2025-11-25 08:34:00', 'value': 79.0}
2025-11-25 01:42:09 | INFO     | set cache - key : heart_rate:0001:latest
2025-11-25 01:42:09 | ERROR    | error when insert heart rate data: Object of type HeartRateDataDB is not JSON serializable
2025-11-25 01:42:09 | INFO     | Closing DB session
2025-11-25 01:44:48 | INFO     | Initializing database
2025-11-25 01:44:48 | INFO     | System v1.0.0 Starting up...
2025-11-25 01:44:48 | INFO     | website: http://0.0.0.0:8000/docs
2025-11-25 01:45:21 | INFO     | Upload heart data: 0001
2025-11-25 01:45:21 | INFO     | uploading heart data from user 0001
2025-11-25 01:45:21 | INFO     | Opening database session
2025-11-25 01:45:21 | INFO     | Begin DB transaction
2025-11-25 01:45:21 | INFO     | Initializing Redis connection pool
2025-11-25 01:45:21 | INFO     | init cache aside repository
2025-11-25 01:45:21 | INFO     | insert heart rate data
2025-11-25 01:45:21 | INFO     | insert heart rate data - user : 0001, data : {'rate_id': 1, 'timestamp': '2025-11-25 08:30:00', 'value': 72.0}
2025-11-25 01:45:21 | INFO     | insert heart rate data - user : 0001, data : {'rate_id': 2, 'timestamp': '2025-11-25 08:31:00', 'value': 74.0}
2025-11-25 01:45:21 | INFO     | insert heart rate data - user : 0001, data : {'rate_id': 3, 'timestamp': '2025-11-25 08:32:00', 'value': 78.0}
2025-11-25 01:45:21 | INFO     | insert heart rate data - user : 0001, data : {'rate_id': 4, 'timestamp': '2025-11-25 08:33:00', 'value': 81.0}
2025-11-25 01:45:21 | INFO     | insert heart rate data - user : 0001, data : {'rate_id': 5, 'timestamp': '2025-11-25 08:34:00', 'value': 79.0}
2025-11-25 01:45:21 | INFO     | set cache - key : heart_rate:0001:latest
2025-11-25 01:45:21 | INFO     | insert heart rate data - user : 0001
2025-11-25 01:45:21 | INFO     | Closing DB session
2025-11-25 01:47:39 | INFO     | Upload heart data: 0001
2025-11-25 01:47:39 | INFO     | uploading heart data from user 0001
2025-11-25 01:47:39 | INFO     | Opening database session
2025-11-25 01:47:39 | INFO     | Begin DB transaction
2025-11-25 01:47:39 | INFO     | init cache aside repository
2025-11-25 01:47:39 | INFO     | insert heart rate data
2025-11-25 01:47:39 | INFO     | insert heart rate data - user : 0001, data : {'rate_id': 1, 'timestamp': '2025-11-25 08:30:00', 'value': 72.0}
2025-11-25 01:47:39 | INFO     | insert heart rate data - user : 0001, data : {'rate_id': 2, 'timestamp': '2025-11-25 08:31:00', 'value': 74.0}
2025-11-25 01:47:39 | INFO     | insert heart rate data - user : 0001, data : {'rate_id': 3, 'timestamp': '2025-11-25 08:32:00', 'value': 78.0}
2025-11-25 01:47:39 | INFO     | insert heart rate data - user : 0001, data : {'rate_id': 4, 'timestamp': '2025-11-25 08:33:00', 'value': 81.0}
2025-11-25 01:47:39 | INFO     | insert heart rate data - user : 0001, data : {'rate_id': 5, 'timestamp': '2025-11-25 08:34:00', 'value': 79.0}
2025-11-25 01:47:39 | INFO     | set cache - key : heart_rate:0001:latest
2025-11-25 01:47:39 | INFO     | insert heart rate data - user : 0001
2025-11-25 01:47:39 | INFO     | Closing DB session
2025-11-25 01:48:19 | INFO     | System v1.0.0 Shutting down...
2025-11-25 01:48:22 | INFO     | Initializing database
2025-11-25 01:48:22 | INFO     | System v1.0.0 Starting up...
2025-11-25 01:48:22 | INFO     | website: http://0.0.0.0:8000/docs
2025-11-25 01:48:25 | INFO     | Upload heart data: 0001
2025-11-25 01:48:25 | INFO     | uploading heart data from user 0001
2025-11-25 01:48:25 | INFO     | Opening database session
2025-11-25 01:48:25 | INFO     | Begin DB transaction
2025-11-25 01:48:25 | INFO     | Initializing Redis connection pool
2025-11-25 01:48:25 | INFO     | init cache aside repository
2025-11-25 01:48:25 | INFO     | insert heart rate data
2025-11-25 01:48:25 | INFO     | insert heart rate data - user : 0001, data : {'rate_id': 1, 'timestamp': '2025-11-25 08:30:00', 'value': 72.0}
2025-11-25 01:48:25 | INFO     | insert heart rate data - user : 0001, data : {'rate_id': 2, 'timestamp': '2025-11-25 08:31:00', 'value': 74.0}
2025-11-25 01:48:25 | INFO     | insert heart rate data - user : 0001, data : {'rate_id': 3, 'timestamp': '2025-11-25 08:32:00', 'value': 78.0}
2025-11-25 01:48:25 | INFO     | insert heart rate data - user : 0001, data : {'rate_id': 4, 'timestamp': '2025-11-25 08:33:00', 'value': 81.0}
2025-11-25 01:48:25 | INFO     | insert heart rate data - user : 0001, data : {'rate_id': 5, 'timestamp': '2025-11-25 08:34:00', 'value': 79.0}
2025-11-25 01:48:25 | INFO     | set cache - key : heart_rate:0001:latest
2025-11-25 01:48:25 | INFO     | get cache - key : heart_rate:0001:latest, value : [{"rate_id": 1, "timestamp": "2025-11-25 08:30:00", "value": 72.0}, {"rate_id": 2, "timestamp": "2025-11-25 08:31:00", "value": 74.0}, {"rate_id": 3, "timestamp": "2025-11-25 08:32:00", "value": 78.0}, {"rate_id": 4, "timestamp": "2025-11-25 08:33:00", "value": 81.0}, {"rate_id": 5, "timestamp": "2025-11-25 08:34:00", "value": 79.0}]
2025-11-25 01:48:25 | INFO     | insert heart rate data - user : 0001
2025-11-25 01:48:25 | INFO     | Closing DB session
2025-11-25 01:48:56 | INFO     | Initializing database
2025-11-25 01:48:56 | INFO     | System v1.0.0 Starting up...
2025-11-25 01:48:56 | INFO     | website: http://0.0.0.0:8000/docs
2025-11-25 01:48:57 | INFO     | System v1.0.0 Shutting down...
